<?xml version="1.0" encoding="UTF-8"?>
<!-- Generated by org.testng.reporters.JUnitXMLReporter -->
<testsuite ignored="0" hostname="MAC-Fabian.lan" failures="0" tests="11" name="Surefire test" time="0.022" errors="0" timestamp="26 ago. 2022 01:16:03 GMT">
  <testcase classname="SumaTest" name="sumarFlotantes" time="0.001"/>
  <testcase classname="SumaTest" name="sumarLetras" time="0.0"/>
  <testcase classname="SumaTest" name="sumarNegativos" time="0.001"/>
  <testcase classname="SumaTest" name="sumarNulos" time="0.0"/>
  <testcase classname="SumaTest" name="sumarPositivos" time="0.001"/>
  <testcase classname="PrimerTest" name="testCase1" time="0.001"/>
  <testcase classname="PrimerTest" name="testCase2" time="0.0"/>
  <testcase classname="SegundoTest" name="Auto1" time="0.0"/>
  <testcase classname="SegundoTest" name="Scooter1" time="0.0"/>
  <testcase classname="SegundoTest" name="Scooter2" time="0.0"/>
  <testcase classname="SegundoTest" name="Sedan1" time="0.001"/>
</testsuite> <!-- Surefire test -->
