<?xml version="1.0" encoding="UTF-8"?>
<!-- Generated by org.testng.reporters.JUnitXMLReporter -->
<testsuite hostname="Fabian-MBP" ignored="0" tests="11" failures="0" timestamp="21 ago 2020 22:20:44 GMT" time="0.024" errors="0">
  <testcase name="sumarFlotantes" time="0.001" classname="SumaTest"/>
  <testcase name="sumarLetras" time="0.0" classname="SumaTest"/>
  <testcase name="sumarNegativos" time="0.002" classname="SumaTest"/>
  <testcase name="sumarNulos" time="0.001" classname="SumaTest"/>
  <testcase name="sumarPositivos" time="0.0" classname="SumaTest"/>
  <testcase name="testCase1" time="0.001" classname="PrimerTest"/>
  <testcase name="testCase2" time="0.0" classname="PrimerTest"/>
  <testcase name="Auto1" time="0.0" classname="SegundoTest"/>
  <testcase name="Scooter1" time="0.0" classname="SegundoTest"/>
  <testcase name="Scooter2" time="0.0" classname="SegundoTest"/>
  <testcase name="Sedan1" time="0.0" classname="SegundoTest"/>
</testsuite>
