<?xml version="1.0" encoding="UTF-8"?>
<testsuite xmlns:xsi="http://www.w3.org/2001/XMLSchema-instance" xsi:noNamespaceSchemaLocation="https://maven.apache.org/surefire/maven-surefire-plugin/xsd/surefire-test-report.xsd" name="TestSuite" time="0.377" tests="11" errors="0" skipped="0" failures="0">
  <properties>
[...]
</properties>
  <testcase name="sumarFlotantes" classname="SumaTest" time="0.002"/>
  <testcase name="sumarLetras" classname="SumaTest" time="0"/>
  <testcase name="sumarNegativos" classname="SumaTest" time="0.002"/>
  <testcase name="sumarNulos" classname="SumaTest" time="0"/>
  <testcase name="sumarPositivos" classname="SumaTest" time="0"/>
  <testcase name="testCase1" classname="PrimerTest" time="0"/>
  <testcase name="testCase2" classname="PrimerTest" time="0"/>
  <testcase name="Auto1" classname="SegundoTest" time="0"/>
  <testcase name="Scooter1" classname="SegundoTest" time="0"/>
  <testcase name="Scooter2" classname="SegundoTest" time="0"/>
  <testcase name="Sedan1" classname="SegundoTest" time="0"/>
</testsuite>